<?xml version="1.0" encoding="UTF-8"?>
<!-- Generated by org.testng.reporters.JUnitReportReporter -->
<testsuite hostname="Pallavi-Sadhus-MacBook-Air.local" failures="0" tests="1" name="restassured.DeleteReq" time="3.663" errors="0" timestamp="2023-01-18T13:36:02 CST" skipped="0">
  <testcase classname="restassured.DeleteReq" name="testCase_Delete" time="3.663"/>
  <system-out/>
</testsuite> <!-- restassured.DeleteReq -->
